<?xml version="1.0" encoding="UTF-8"?>
<testng-results ignored="0" total="5" passed="5" failed="0" skipped="0">
  <reporter-output>
  </reporter-output>
  <suite started-at="2021-06-15T10:28:23 IST" name="Suite" finished-at="2021-06-15T10:28:23 IST" duration-ms="68">
    <groups>
    </groups>
    <test started-at="2021-06-15T10:28:23 IST" name="Test" finished-at="2021-06-15T10:28:23 IST" duration-ms="68">
      <class name="test1.Test_may11">
        <test-method is-config="true" signature="TC02()[pri:0, instance:test1.Test_may11@770d3326]" started-at="2021-06-15T10:28:23 IST" name="TC02" finished-at="2021-06-15T10:28:23 IST" duration-ms="5" status="PASS">
          <reporter-output>
          </reporter-output>
        </test-method> <!-- TC02 -->
        <test-method signature="TC01()[pri:0, instance:test1.Test_may11@770d3326]" started-at="2021-06-15T10:28:23 IST" name="TC01" finished-at="2021-06-15T10:28:23 IST" duration-ms="5" status="PASS">
          <reporter-output>
          </reporter-output>
        </test-method> <!-- TC01 -->
        <test-method is-config="true" signature="TC02()[pri:0, instance:test1.Test_may11@770d3326]" started-at="2021-06-15T10:28:23 IST" name="TC02" finished-at="2021-06-15T10:28:23 IST" duration-ms="0" status="PASS">
          <reporter-output>
          </reporter-output>
        </test-method> <!-- TC02 -->
        <test-method signature="TC03()[pri:0, instance:test1.Test_may11@770d3326]" started-at="2021-06-15T10:28:23 IST" name="TC03" finished-at="2021-06-15T10:28:23 IST" duration-ms="1" status="PASS">
          <reporter-output>
          </reporter-output>
        </test-method> <!-- TC03 -->
      </class> <!-- test1.Test_may11 -->
      <class name="test1.Test_2">
        <test-method is-config="true" signature="before()[pri:0, instance:test1.Test_2@306f16f3]" started-at="2021-06-15T10:28:23 IST" name="before" finished-at="2021-06-15T10:28:23 IST" duration-ms="1" status="PASS">
          <reporter-output>
          </reporter-output>
        </test-method> <!-- before -->
        <test-method signature="TC02()[pri:0, instance:test1.Test_2@306f16f3]" started-at="2021-06-15T10:28:23 IST" name="TC02" finished-at="2021-06-15T10:28:23 IST" duration-ms="1" status="PASS">
          <reporter-output>
          </reporter-output>
        </test-method> <!-- TC02 -->
        <test-method is-config="true" signature="after()[pri:0, instance:test1.Test_2@306f16f3]" started-at="2021-06-15T10:28:23 IST" name="after" finished-at="2021-06-15T10:28:23 IST" duration-ms="0" status="PASS">
          <reporter-output>
          </reporter-output>
        </test-method> <!-- after -->
        <test-method signature="TC01()[pri:0, instance:test1.Test_2@306f16f3]" started-at="2021-06-15T10:28:23 IST" name="TC01" finished-at="2021-06-15T10:28:23 IST" duration-ms="1" status="PASS">
          <reporter-output>
          </reporter-output>
        </test-method> <!-- TC01 -->
        <test-method is-config="true" signature="before()[pri:0, instance:test1.Test_2@306f16f3]" started-at="2021-06-15T10:28:23 IST" name="before" finished-at="2021-06-15T10:28:23 IST" duration-ms="0" status="PASS">
          <reporter-output>
          </reporter-output>
        </test-method> <!-- before -->
        <test-method is-config="true" signature="before()[pri:0, instance:test1.Test_2@306f16f3]" started-at="2021-06-15T10:28:23 IST" name="before" finished-at="2021-06-15T10:28:23 IST" duration-ms="0" status="PASS">
          <reporter-output>
          </reporter-output>
        </test-method> <!-- before -->
        <test-method signature="TC03()[pri:0, instance:test1.Test_2@306f16f3]" started-at="2021-06-15T10:28:23 IST" name="TC03" finished-at="2021-06-15T10:28:23 IST" duration-ms="1" status="PASS">
          <reporter-output>
          </reporter-output>
        </test-method> <!-- TC03 -->
        <test-method is-config="true" signature="after()[pri:0, instance:test1.Test_2@306f16f3]" started-at="2021-06-15T10:28:23 IST" name="after" finished-at="2021-06-15T10:28:23 IST" duration-ms="0" status="PASS">
          <reporter-output>
          </reporter-output>
        </test-method> <!-- after -->
        <test-method is-config="true" signature="after()[pri:0, instance:test1.Test_2@306f16f3]" started-at="2021-06-15T10:28:23 IST" name="after" finished-at="2021-06-15T10:28:23 IST" duration-ms="0" status="PASS">
          <reporter-output>
          </reporter-output>
        </test-method> <!-- after -->
      </class> <!-- test1.Test_2 -->
    </test> <!-- Test -->
  </suite> <!-- Suite -->
</testng-results>
