<?xml version="1.0" encoding="UTF-8"?>
<!-- Generated by org.testng.reporters.JUnitXMLReporter -->
<testsuite ignored="0" hostname="Asus-Dheeraj" failures="0" tests="5" name="Test" time="0.068" errors="0" timestamp="2021-06-15T10:28:23 IST">
  <testcase classname="test1.Test_may11" name="TC01" time="0.005"/>
  <testcase classname="test1.Test_may11" name="TC03" time="0.001"/>
  <testcase classname="test1.Test_2" name="TC02" time="0.001"/>
  <testcase classname="test1.Test_may11" name="TC01" time="0.001"/>
  <testcase classname="test1.Test_may11" name="TC03" time="0.001"/>
</testsuite> <!-- Test -->
